2025-11-18 22:29:38,284 - INFO - ================================================================================
2025-11-18 22:29:38,284 - INFO - RESCRAPE LAST N DAYS - CONFIGURATION
2025-11-18 22:29:38,284 - INFO - ================================================================================
2025-11-18 22:29:38,284 - INFO - Days to regenerate: 3
2025-11-18 22:29:38,284 - INFO - Countries: ['gb']
2025-11-18 22:29:38,284 - INFO - Dry run: True
2025-11-18 22:29:38,284 - INFO - Skip cleanup: False
2025-11-18 22:29:38,284 - INFO - ================================================================================
2025-11-18 22:29:38,284 - WARNING - 
2025-11-18 22:29:38,284 - WARNING - *** DRY RUN MODE ***
2025-11-18 22:29:38,284 - WARNING - No changes will be made. This is a preview only.
2025-11-18 22:29:38,284 - WARNING - 
2025-11-18 22:29:38,284 - INFO - Calculated date range: 2025-11-15 to 2025-11-17 (3 days)
2025-11-18 22:29:38,284 - INFO - ✓ Date range validation passed: 3 days
2025-11-18 22:29:38,284 - INFO - ================================================================================
2025-11-18 22:29:38,284 - INFO - STEP 1: CLEAN LOCAL DATA DIRECTORY
2025-11-18 22:29:38,284 - INFO - ================================================================================
2025-11-18 22:29:38,285 - INFO - ✓ No files to clean in gb
2025-11-18 22:29:38,285 - INFO - ✓ Local directories already clean
2025-11-18 22:29:38,285 - INFO - ================================================================================
2025-11-18 22:29:38,285 - INFO - STEP 2: DELETE FROM GLUE TABLE
2025-11-18 22:29:38,285 - INFO - ================================================================================
2025-11-18 22:29:38,285 - INFO - Counting rows to delete...
2025-11-18 22:29:38,295 - INFO - Found credentials in shared credentials file: ~/.aws/credentials
2025-11-18 22:29:46,388 - INFO - Created CTAS table "finish-time-predict"."temp_table_9ce59d89175946e39b2589caadd56c84"
2025-11-18 22:29:48,045 - INFO - Found 487 rows to delete
2025-11-18 22:29:48,045 - INFO -   Date range: 2025-11-15 to 2025-11-17
2025-11-18 22:29:48,045 - INFO -   Countries: ['gb']
2025-11-18 22:29:48,045 - WARNING - [DRY RUN] Would delete 487 rows from Glue
2025-11-18 22:29:48,045 - INFO - ================================================================================
2025-11-18 22:29:48,045 - INFO - STEP 3: SCRAPE DATA
2025-11-18 22:29:48,045 - INFO - ================================================================================
2025-11-18 22:29:48,045 - INFO - Will scrape 3 days × 1 countries = 3 scrapes
2025-11-18 22:29:48,045 - WARNING - [DRY RUN] Would scrape:
2025-11-18 22:29:48,045 - INFO -   gb: 2025-11-15 to 2025-11-17
2025-11-18 22:29:48,046 - INFO - 
2025-11-18 22:29:48,046 - INFO - ================================================================================
2025-11-18 22:29:48,046 - INFO - ✓ OPERATION COMPLETE
2025-11-18 22:29:48,046 - INFO - ================================================================================
2025-11-18 22:29:48,046 - INFO - This was a dry run. No changes were made.
2025-11-18 22:29:48,046 - INFO - Remove --dry-run flag to execute for real.
